Traceback (most recent call last):
  File "/home/jacob/miniconda3/envs/jupyterbook/lib/python3.10/site-packages/jupyter_cache/executors/utils.py", line 58, in single_nb_execution
    executenb(
  File "/home/jacob/miniconda3/envs/jupyterbook/lib/python3.10/site-packages/nbclient/client.py", line 1314, in execute
    return NotebookClient(nb=nb, resources=resources, km=km, **kwargs).execute()
  File "/home/jacob/.local/lib/python3.10/site-packages/jupyter_core/utils/__init__.py", line 166, in wrapped
    return loop.run_until_complete(inner)
  File "/home/jacob/miniconda3/envs/jupyterbook/lib/python3.10/asyncio/base_events.py", line 649, in run_until_complete
    return future.result()
  File "/home/jacob/miniconda3/envs/jupyterbook/lib/python3.10/site-packages/nbclient/client.py", line 709, in async_execute
    await self.async_execute_cell(
  File "/home/jacob/miniconda3/envs/jupyterbook/lib/python3.10/site-packages/nbclient/client.py", line 1062, in async_execute_cell
    await self._check_raise_for_error(cell, cell_index, exec_reply)
  File "/home/jacob/miniconda3/envs/jupyterbook/lib/python3.10/site-packages/nbclient/client.py", line 918, in _check_raise_for_error
    raise CellExecutionError.from_cell_and_msg(cell, exec_reply_content)
nbclient.exceptions.CellExecutionError: An error occurred while executing the following cell:
------------------
import pandas as pd
import numpy as np
import matplotlib.pyplot as plt
import seaborn as sns
from scipy.stats import pearsonr

# Load the dataset11
file_path = 'filtered_global_education_world_happiness_average.csv'
df = pd.read_csv(file_path)

# Calculate the average completion rate
df['Average_Completion_Rate'] = df[['Average_Completion_Rate_Male', 'Average_Completion_Rate_Female']].mean(axis=1)

# Calculate the average proficiency
df['Average_Proficiency'] = df[['Lower_Secondary_End_Proficiency_Reading', 'Lower_Secondary_End_Proficiency_Math']].mean(axis=1)

# Filter out rows where 'Logged GDP per capita', 'Average_Completion_Rate', and 'Average_Proficiency' are 0
filtered_data = df[(df['Logged GDP per capita'] != 0) & (df['Average_Completion_Rate'] != 0) & (df['Average_Proficiency'] != 0)]

# Create a combined plot
plt.figure(figsize=(12, 8))

# Plot the relationship between Average Completion Rate and Logged GDP per capita
sns.regplot(data=filtered_data, x='Average_Completion_Rate', y='Logged GDP per capita', scatter_kws={'alpha': 0.6}, label='Completion Rate', color='b')

# Plot the relationship between Average Proficiency and Logged GDP per capita
sns.regplot(data=filtered_data, x='Average_Proficiency', y='Logged GDP per capita', scatter_kws={'alpha': 0.6}, label='Proficiency', color='g')

# Calculate Pearson correlation coefficients and p-values
r_completion, p_value_completion = pearsonr(filtered_data['Average_Completion_Rate'], filtered_data['Logged GDP per capita'])
r_proficiency, p_value_proficiency = pearsonr(filtered_data['Average_Proficiency'], filtered_data['Logged GDP per capita'])

# Print correlation results
print(f'Pearson correlation between Average Completion Rate and Logged GDP per capita: r = {r_completion:.2f}, p-value = {p_value_completion:.2e}')
print(f'Pearson correlation between Average Proficiency and Logged GDP per capita: r = {r_proficiency:.2f}, p-value = {p_value_proficiency:.2e}')

# Add titles and labels
plt.title('Relationship Between Average Completion Rate and Average Proficiency vs Logged GDP per capita')
plt.xlabel('Average Completion Rate / Average Proficiency')
plt.ylabel('Logged GDP per capita')
plt.legend()
plt.grid(True)

# Show plot
plt.show()

------------------


[0;31m---------------------------------------------------------------------------[0m
[0;31mModuleNotFoundError[0m                       Traceback (most recent call last)
Cell [0;32mIn[1], line 5[0m
[1;32m      3[0m [38;5;28;01mimport[39;00m [38;5;21;01mmatplotlib[39;00m[38;5;21;01m.[39;00m[38;5;21;01mpyplot[39;00m [38;5;28;01mas[39;00m [38;5;21;01mplt[39;00m
[1;32m      4[0m [38;5;28;01mimport[39;00m [38;5;21;01mseaborn[39;00m [38;5;28;01mas[39;00m [38;5;21;01msns[39;00m
[0;32m----> 5[0m [38;5;28;01mfrom[39;00m [38;5;21;01mscipy[39;00m[38;5;21;01m.[39;00m[38;5;21;01mstats[39;00m [38;5;28;01mimport[39;00m pearsonr
[1;32m      7[0m [38;5;66;03m# Load the dataset11[39;00m
[1;32m      8[0m file_path [38;5;241m=[39m [38;5;124m'[39m[38;5;124mfiltered_global_education_world_happiness_average.csv[39m[38;5;124m'[39m

[0;31mModuleNotFoundError[0m: No module named 'scipy'

